INFO:werkzeug: * Running on http://127.0.0.1:5000 (Press CTRL+C to quit)
INFO:werkzeug: * Restarting with stat
WARNING:werkzeug: * Debugger is active!
INFO:werkzeug: * Debugger PIN: 935-766-583
INFO:werkzeug: * Running on http://127.0.0.1:5000 (Press CTRL+C to quit)
INFO:werkzeug: * Restarting with stat
WARNING:werkzeug: * Debugger is active!
INFO:werkzeug: * Debugger PIN: 935-766-583
INFO:werkzeug:127.0.0.1 - - [02/Sep/2022 10:42:00] "[32mGET /api/posts HTTP/1.1[0m" 308 -
INFO:werkzeug:127.0.0.1 - - [02/Sep/2022 10:42:00] "GET /api/posts/ HTTP/1.1" 200 -
INFO:werkzeug: * Detected change in '/home/rdk/python_projects/coursework3_source/app_test.py', reloading
INFO:werkzeug: * Restarting with stat
WARNING:werkzeug: * Debugger is active!
INFO:werkzeug: * Debugger PIN: 935-766-583
INFO:werkzeug: * Detected change in '/home/rdk/python_projects/coursework3_source/app_test.py', reloading
INFO:werkzeug: * Restarting with stat
WARNING:werkzeug: * Debugger is active!
INFO:werkzeug: * Debugger PIN: 935-766-583
INFO:werkzeug: * Detected change in '/home/rdk/python_projects/coursework3_source/app_test.py', reloading
INFO:werkzeug: * Restarting with stat
WARNING:werkzeug: * Debugger is active!
INFO:werkzeug: * Debugger PIN: 935-766-583
INFO:werkzeug: * Detected change in '/home/rdk/python_projects/coursework3_source/app_test.py', reloading
INFO:werkzeug: * Restarting with stat
WARNING:werkzeug: * Debugger is active!
INFO:werkzeug: * Debugger PIN: 935-766-583
INFO:werkzeug: * Detected change in '/home/rdk/python_projects/coursework3_source/app_test.py', reloading
INFO:werkzeug: * Restarting with stat
WARNING:werkzeug: * Debugger is active!
INFO:werkzeug: * Debugger PIN: 935-766-583
INFO:werkzeug:127.0.0.1 - - [02/Sep/2022 10:53:51] "GET /api/posts/ HTTP/1.1" 200 -
INFO:werkzeug: * Running on http://127.0.0.1:5000 (Press CTRL+C to quit)
INFO:werkzeug: * Restarting with stat
WARNING:werkzeug: * Debugger is active!
INFO:werkzeug: * Debugger PIN: 935-766-583
INFO:werkzeug:127.0.0.1 - - [02/Sep/2022 10:54:12] "GET /api/posts/ HTTP/1.1" 200 -
INFO:werkzeug:127.0.0.1 - - [02/Sep/2022 10:57:13] "GET /api/posts/ HTTP/1.1" 200 -
INFO:werkzeug: * Detected change in '/home/rdk/python_projects/coursework3_source/app_test.py', reloading
INFO:werkzeug: * Restarting with stat
WARNING:werkzeug: * Debugger is active!
INFO:werkzeug: * Debugger PIN: 935-766-583
INFO:werkzeug: * Detected change in '/home/rdk/python_projects/coursework3_source/app_test.py', reloading
INFO:werkzeug: * Restarting with stat
WARNING:werkzeug: * Debugger is active!
INFO:werkzeug: * Debugger PIN: 935-766-583
INFO:werkzeug:127.0.0.1 - - [02/Sep/2022 10:58:53] "GET /api/posts/ HTTP/1.1" 200 -
INFO:werkzeug: * Detected change in '/home/rdk/python_projects/coursework3_source/app_test.py', reloading
INFO:werkzeug: * Restarting with stat
WARNING:werkzeug: * Debugger is active!
INFO:werkzeug: * Debugger PIN: 935-766-583
INFO:werkzeug:127.0.0.1 - - [02/Sep/2022 10:59:17] "GET /api/posts/ HTTP/1.1" 200 -
INFO:werkzeug: * Detected change in '/home/rdk/python_projects/coursework3_source/app_test.py', reloading
INFO:werkzeug: * Restarting with stat
WARNING:werkzeug: * Debugger is active!
INFO:werkzeug: * Debugger PIN: 935-766-583
INFO:werkzeug: * Detected change in '/home/rdk/python_projects/coursework3_source/app_test.py', reloading
INFO:werkzeug: * Restarting with stat
WARNING:werkzeug: * Debugger is active!
INFO:werkzeug: * Debugger PIN: 935-766-583
INFO:werkzeug:127.0.0.1 - - [02/Sep/2022 11:04:07] "GET /api/posts/ HTTP/1.1" 200 -
INFO:werkzeug: * Detected change in '/home/rdk/python_projects/coursework3_source/app_test.py', reloading
INFO:werkzeug: * Restarting with stat
WARNING:werkzeug: * Debugger is active!
INFO:werkzeug: * Debugger PIN: 935-766-583
INFO:werkzeug: * Detected change in '/home/rdk/python_projects/coursework3_source/app_test.py', reloading
INFO:werkzeug: * Restarting with stat
WARNING:werkzeug: * Debugger is active!
INFO:werkzeug: * Debugger PIN: 935-766-583
INFO:werkzeug:127.0.0.1 - - [02/Sep/2022 11:06:16] "GET /api/posts/ HTTP/1.1" 200 -
INFO:werkzeug: * Detected change in '/home/rdk/python_projects/coursework3_source/app.py', reloading
INFO:werkzeug: * Restarting with stat
WARNING:werkzeug: * Debugger is active!
INFO:werkzeug: * Debugger PIN: 935-766-583
INFO:werkzeug: * Detected change in '/home/rdk/python_projects/coursework3_source/app_test.py', reloading
INFO:werkzeug: * Restarting with stat
WARNING:werkzeug: * Debugger is active!
INFO:werkzeug: * Debugger PIN: 935-766-583
INFO:werkzeug:127.0.0.1 - - [02/Sep/2022 11:08:29] "GET /api/posts/1 HTTP/1.1" 200 -
INFO:werkzeug: * Detected change in '/home/rdk/python_projects/coursework3_source/app_test.py', reloading
INFO:werkzeug: * Restarting with stat
WARNING:werkzeug: * Debugger is active!
INFO:werkzeug: * Debugger PIN: 935-766-583
INFO:werkzeug: * Detected change in '/home/rdk/python_projects/coursework3_source/app_test.py', reloading
INFO:werkzeug: * Restarting with stat
WARNING:werkzeug: * Debugger is active!
INFO:werkzeug: * Debugger PIN: 935-766-583
INFO:werkzeug: * Detected change in '/home/rdk/python_projects/coursework3_source/app_test.py', reloading
INFO:werkzeug: * Restarting with stat
WARNING:werkzeug: * Debugger is active!
INFO:werkzeug: * Debugger PIN: 935-766-583
INFO:werkzeug: * Detected change in '/home/rdk/python_projects/coursework3_source/app_test.py', reloading
INFO:werkzeug: * Restarting with stat
WARNING:werkzeug: * Debugger is active!
INFO:werkzeug: * Debugger PIN: 935-766-583
INFO:werkzeug:127.0.0.1 - - [02/Sep/2022 11:39:15] "GET /api/posts/ HTTP/1.1" 200 -
INFO:werkzeug: * Detected change in '/home/rdk/python_projects/coursework3_source/app_test.py', reloading
INFO:werkzeug: * Restarting with stat
WARNING:werkzeug: * Debugger is active!
INFO:werkzeug: * Debugger PIN: 935-766-583
INFO:werkzeug:127.0.0.1 - - [02/Sep/2022 11:40:06] "GET /api/posts/ HTTP/1.1" 200 -
INFO:werkzeug: * Detected change in '/home/rdk/python_projects/coursework3_source/app_test.py', reloading
INFO:werkzeug: * Restarting with stat
WARNING:werkzeug: * Debugger is active!
INFO:werkzeug: * Debugger PIN: 935-766-583
INFO:werkzeug:127.0.0.1 - - [02/Sep/2022 11:40:35] "GET /api/posts/ HTTP/1.1" 200 -
INFO:werkzeug: * Detected change in '/home/rdk/python_projects/coursework3_source/app_test.py', reloading
INFO:werkzeug: * Restarting with stat
WARNING:werkzeug: * Debugger is active!
INFO:werkzeug: * Debugger PIN: 935-766-583
INFO:werkzeug: * Detected change in '/home/rdk/python_projects/coursework3_source/app_test.py', reloading
INFO:werkzeug: * Restarting with stat
WARNING:werkzeug: * Debugger is active!
INFO:werkzeug: * Debugger PIN: 935-766-583
INFO:werkzeug: * Running on http://127.0.0.1:5000 (Press CTRL+C to quit)
INFO:werkzeug: * Restarting with stat
WARNING:werkzeug: * Debugger is active!
INFO:werkzeug: * Debugger PIN: 935-766-583
INFO:werkzeug:127.0.0.1 - - [02/Sep/2022 11:43:06] "GET /api/posts/ HTTP/1.1" 200 -
INFO:werkzeug: * Detected change in '/home/rdk/python_projects/coursework3_source/app_test.py', reloading
INFO:werkzeug: * Restarting with stat
WARNING:werkzeug: * Debugger is active!
INFO:werkzeug: * Debugger PIN: 935-766-583
INFO:werkzeug: * Detected change in '/home/rdk/python_projects/coursework3_source/app_test.py', reloading
INFO:werkzeug: * Restarting with stat
WARNING:werkzeug: * Debugger is active!
INFO:werkzeug: * Debugger PIN: 935-766-583
INFO:werkzeug:127.0.0.1 - - [02/Sep/2022 11:45:05] "GET /api/posts/ HTTP/1.1" 200 -
INFO:werkzeug: * Detected change in '/home/rdk/python_projects/coursework3_source/app_test.py', reloading
INFO:werkzeug: * Restarting with stat
WARNING:werkzeug: * Debugger is active!
INFO:werkzeug: * Debugger PIN: 935-766-583
INFO:werkzeug:127.0.0.1 - - [02/Sep/2022 11:45:47] "GET /api/posts/ HTTP/1.1" 200 -
INFO:werkzeug: * Detected change in '/home/rdk/python_projects/coursework3_source/app_test.py', reloading
INFO:werkzeug: * Restarting with stat
WARNING:werkzeug: * Debugger is active!
INFO:werkzeug: * Debugger PIN: 935-766-583
INFO:werkzeug:127.0.0.1 - - [02/Sep/2022 11:46:19] "GET /api/posts/ HTTP/1.1" 200 -
INFO:werkzeug: * Detected change in '/home/rdk/python_projects/coursework3_source/app_test.py', reloading
INFO:werkzeug: * Restarting with stat
WARNING:werkzeug: * Debugger is active!
INFO:werkzeug: * Debugger PIN: 935-766-583
INFO:werkzeug: * Detected change in '/home/rdk/python_projects/coursework3_source/app_test.py', reloading
INFO:werkzeug: * Restarting with stat
WARNING:werkzeug: * Debugger is active!
INFO:werkzeug: * Debugger PIN: 935-766-583
INFO:werkzeug: * Detected change in '/home/rdk/python_projects/coursework3_source/app_test.py', reloading
INFO:werkzeug: * Restarting with stat
WARNING:werkzeug: * Debugger is active!
INFO:werkzeug: * Debugger PIN: 935-766-583
INFO:werkzeug:127.0.0.1 - - [02/Sep/2022 11:47:19] "GET /api/posts/ HTTP/1.1" 200 -
INFO:werkzeug: * Detected change in '/home/rdk/python_projects/coursework3_source/app_test.py', reloading
INFO:werkzeug: * Restarting with stat
WARNING:werkzeug: * Debugger is active!
INFO:werkzeug: * Debugger PIN: 935-766-583
INFO:werkzeug:127.0.0.1 - - [02/Sep/2022 11:48:20] "GET /api/posts/ HTTP/1.1" 200 -
INFO:werkzeug: * Detected change in '/home/rdk/python_projects/coursework3_source/app_test.py', reloading
INFO:werkzeug: * Restarting with stat
WARNING:werkzeug: * Debugger is active!
INFO:werkzeug: * Debugger PIN: 935-766-583
INFO:werkzeug: * Detected change in '/home/rdk/python_projects/coursework3_source/app_test.py', reloading
INFO:werkzeug: * Restarting with stat
WARNING:werkzeug: * Debugger is active!
INFO:werkzeug: * Debugger PIN: 935-766-583
INFO:werkzeug: * Detected change in '/home/rdk/python_projects/coursework3_source/app_test.py', reloading
INFO:werkzeug: * Restarting with stat
WARNING:werkzeug: * Debugger is active!
INFO:werkzeug: * Debugger PIN: 935-766-583
INFO:werkzeug: * Detected change in '/home/rdk/python_projects/coursework3_source/app_test.py', reloading
INFO:werkzeug: * Restarting with stat
WARNING:werkzeug: * Debugger is active!
INFO:werkzeug: * Debugger PIN: 935-766-583
INFO:werkzeug:127.0.0.1 - - [04/Sep/2022 07:08:30] "GET /api/posts/ HTTP/1.1" 200 -
INFO:werkzeug: * Running on http://127.0.0.1:5000 (Press CTRL+C to quit)
INFO:werkzeug: * Restarting with stat
WARNING:werkzeug: * Debugger is active!
INFO:werkzeug: * Debugger PIN: 935-766-583
